# JRE version: Java(TM) SE Runtime Environment (8.0_202-b08) (build 1.8.0_202-b08)
# Java VM: Java HotSpot(TM) 64-Bit Server VM (25.202-b08 mixed mode windows-amd64 compressed oops)
Heap:
 PSYoungGen      total 158720K, used 1031K [0x00000000d5d00000, 0x00000000e4980000, 0x0000000100000000)
  eden space 157184K, 0% used [0x00000000d5d00000,0x00000000d5d00000,0x00000000df680000)
  from space 1536K, 67% used [0x00000000e4800000,0x00000000e4901d00,0x00000000e4980000)
  to   space 16384K, 0% used [0x00000000e2980000,0x00000000e2980000,0x00000000e3980000)
 ParOldGen       total 126976K, used 40963K [0x0000000081600000, 0x0000000089200000, 0x00000000d5d00000)
  object space 126976K, 32% used [0x0000000081600000,0x0000000083e00c80,0x0000000089200000)
 Metaspace       used 74490K, capacity 78954K, committed 79104K, reserved 1118208K
  class space    used 9399K, capacity 10211K, committed 10240K, reserved 1048576K
GC Heap History (10 events):
Event: 58207.991 GC heap after
Heap after GC invocations=42 (full 6):
 PSYoungGen      total 173568K, used 1112K [0x00000000d5d00000, 0x00000000e6900000, 0x0000000100000000)
  eden space 172032K, 0% used [0x00000000d5d00000,0x00000000d5d00000,0x00000000e0500000)
  from space 1536K, 72% used [0x00000000e6780000,0x00000000e6896390,0x00000000e6900000)
  to   space 16384K, 0% used [0x00000000e4900000,0x00000000e4900000,0x00000000e5900000)
 ParOldGen       total 126976K, used 40907K [0x0000000081600000, 0x0000000089200000, 0x00000000d5d00000)
  object space 126976K, 32% used [0x0000000081600000,0x0000000083df2c80,0x0000000089200000)
 Metaspace       used 74418K, capacity 78752K, committed 78848K, reserved 1118208K
  class space    used 9398K, capacity 10209K, committed 10240K, reserved 1048576K
}
Event: 58749.481 GC heap before
{Heap before GC invocations=43 (full 6):
 PSYoungGen      total 173568K, used 173144K [0x00000000d5d00000, 0x00000000e6900000, 0x0000000100000000)
  eden space 172032K, 100% used [0x00000000d5d00000,0x00000000e0500000,0x00000000e0500000)
  from space 1536K, 72% used [0x00000000e6780000,0x00000000e6896390,0x00000000e6900000)
  to   space 16384K, 0% used [0x00000000e4900000,0x00000000e4900000,0x00000000e5900000)
 ParOldGen       total 126976K, used 40907K [0x0000000081600000, 0x0000000089200000, 0x00000000d5d00000)
  object space 126976K, 32% used [0x0000000081600000,0x0000000083df2c80,0x0000000089200000)
 Metaspace       used 74426K, capacity 78752K, committed 78848K, reserved 1118208K
  class space    used 9399K, capacity 10209K, committed 10240K, reserved 1048576K
Event: 58749.494 GC heap after
Heap after GC invocations=43 (full 6):
 PSYoungGen      total 168448K, used 1368K [0x00000000d5d00000, 0x00000000e6800000, 0x0000000100000000)
  eden space 166912K, 0% used [0x00000000d5d00000,0x00000000d5d00000,0x00000000e0000000)
  from space 1536K, 89% used [0x00000000e4900000,0x00000000e4a56190,0x00000000e4a80000)
  to   space 16896K, 0% used [0x00000000e5780000,0x00000000e5780000,0x00000000e6800000)
 ParOldGen       total 126976K, used 40915K [0x0000000081600000, 0x0000000089200000, 0x00000000d5d00000)
  object space 126976K, 32% used [0x0000000081600000,0x0000000083df4c80,0x0000000089200000)
 Metaspace       used 74426K, capacity 78752K, committed 78848K, reserved 1118208K
  class space    used 9399K, capacity 10209K, committed 10240K, reserved 1048576K
}
Event: 60868.049 GC heap before
{Heap before GC invocations=44 (full 6):
 PSYoungGen      total 168448K, used 168280K [0x00000000d5d00000, 0x00000000e6800000, 0x0000000100000000)
  eden space 166912K, 100% used [0x00000000d5d00000,0x00000000e0000000,0x00000000e0000000)
  from space 1536K, 89% used [0x00000000e4900000,0x00000000e4a56190,0x00000000e4a80000)
  to   space 16896K, 0% used [0x00000000e5780000,0x00000000e5780000,0x00000000e6800000)
 ParOldGen       total 126976K, used 40915K [0x0000000081600000, 0x0000000089200000, 0x00000000d5d00000)
  object space 126976K, 32% used [0x0000000081600000,0x0000000083df4c80,0x0000000089200000)
 Metaspace       used 74480K, capacity 78948K, committed 79104K, reserved 1118208K
  class space    used 9399K, capacity 10209K, committed 10240K, reserved 1048576K
Event: 60868.093 GC heap after
Heap after GC invocations=44 (full 6):
 PSYoungGen      total 164864K, used 2641K [0x00000000d5d00000, 0x00000000e5a80000, 0x0000000100000000)
  eden space 161792K, 0% used [0x00000000d5d00000,0x00000000d5d00000,0x00000000dfb00000)
  from space 3072K, 85% used [0x00000000e5780000,0x00000000e5a14580,0x00000000e5a80000)
  to   space 16384K, 0% used [0x00000000e3a80000,0x00000000e3a80000,0x00000000e4a80000)
 ParOldGen       total 126976K, used 40939K [0x0000000081600000, 0x0000000089200000, 0x00000000d5d00000)
  object space 126976K, 32% used [0x0000000081600000,0x0000000083dfac80,0x0000000089200000)
 Metaspace       used 74480K, capacity 78948K, committed 79104K, reserved 1118208K
  class space    used 9399K, capacity 10209K, committed 10240K, reserved 1048576K
}
Event: 61357.659 GC heap before
{Heap before GC invocations=45 (full 6):
 PSYoungGen      total 164864K, used 164433K [0x00000000d5d00000, 0x00000000e5a80000, 0x0000000100000000)
  eden space 161792K, 100% used [0x00000000d5d00000,0x00000000dfb00000,0x00000000dfb00000)
  from space 3072K, 85% used [0x00000000e5780000,0x00000000e5a14580,0x00000000e5a80000)
  to   space 16384K, 0% used [0x00000000e3a80000,0x00000000e3a80000,0x00000000e4a80000)
 ParOldGen       total 126976K, used 40939K [0x0000000081600000, 0x0000000089200000, 0x00000000d5d00000)
  object space 126976K, 32% used [0x0000000081600000,0x0000000083dfac80,0x0000000089200000)
 Metaspace       used 74484K, capacity 78948K, committed 79104K, reserved 1118208K
  class space    used 9399K, capacity 10209K, committed 10240K, reserved 1048576K
Event: 61357.792 GC heap after
Heap after GC invocations=45 (full 6):
 PSYoungGen      total 159232K, used 1920K [0x00000000d5d00000, 0x00000000e5800000, 0x0000000100000000)
  eden space 157184K, 0% used [0x00000000d5d00000,0x00000000d5d00000,0x00000000df680000)
  from space 2048K, 93% used [0x00000000e3a80000,0x00000000e3c60230,0x00000000e3c80000)
  to   space 16384K, 0% used [0x00000000e4800000,0x00000000e4800000,0x00000000e5800000)
 ParOldGen       total 126976K, used 40955K [0x0000000081600000, 0x0000000089200000, 0x00000000d5d00000)
  object space 126976K, 32% used [0x0000000081600000,0x0000000083dfec80,0x0000000089200000)
 Metaspace       used 74484K, capacity 78948K, committed 79104K, reserved 1118208K
  class space    used 9399K, capacity 10209K, committed 10240K, reserved 1048576K
}
Event: 61368.133 GC heap before
{Heap before GC invocations=46 (full 6):
 PSYoungGen      total 159232K, used 11473K [0x00000000d5d00000, 0x00000000e5800000, 0x0000000100000000)
  eden space 157184K, 6% used [0x00000000d5d00000,0x00000000d6654260,0x00000000df680000)
  from space 2048K, 93% used [0x00000000e3a80000,0x00000000e3c60230,0x00000000e3c80000)
  to   space 16384K, 0% used [0x00000000e4800000,0x00000000e4800000,0x00000000e5800000)
 ParOldGen       total 126976K, used 40955K [0x0000000081600000, 0x0000000089200000, 0x00000000d5d00000)
  object space 126976K, 32% used [0x0000000081600000,0x0000000083dfec80,0x0000000089200000)
 Metaspace       used 74490K, capacity 78954K, committed 79104K, reserved 1118208K
  class space    used 9399K, capacity 10211K, committed 10240K, reserved 1048576K
Event: 61368.172 GC heap after
Heap after GC invocations=46 (full 6):
 PSYoungGen      total 158720K, used 1031K [0x00000000d5d00000, 0x00000000e4980000, 0x0000000100000000)
  eden space 157184K, 0% used [0x00000000d5d00000,0x00000000d5d00000,0x00000000df680000)
  from space 1536K, 67% used [0x00000000e4800000,0x00000000e4901d00,0x00000000e4980000)
  to   space 16384K, 0% used [0x00000000e2980000,0x00000000e2980000,0x00000000e3980000)
 ParOldGen       total 126976K, used 40963K [0x0000000081600000, 0x0000000089200000, 0x00000000d5d00000)
  object space 126976K, 32% used [0x0000000081600000,0x0000000083e00c80,0x0000000089200000)
 Metaspace       used 74490K, capacity 78954K, committed 79104K, reserved 1118208K
  class space    used 9399K, capacity 10211K, committed 10240K, reserved 1048576K
}
Event: 61368.172 GC heap before
{Heap before GC invocations=47 (full 7):
 PSYoungGen      total 158720K, used 1031K [0x00000000d5d00000, 0x00000000e4980000, 0x0000000100000000)
  eden space 157184K, 0% used [0x00000000d5d00000,0x00000000d5d00000,0x00000000df680000)
  from space 1536K, 67% used [0x00000000e4800000,0x00000000e4901d00,0x00000000e4980000)
  to   space 16384K, 0% used [0x00000000e2980000,0x00000000e2980000,0x00000000e3980000)
 ParOldGen       total 126976K, used 40963K [0x0000000081600000, 0x0000000089200000, 0x00000000d5d00000)
  object space 126976K, 32% used [0x0000000081600000,0x0000000083e00c80,0x0000000089200000)
 Metaspace       used 74490K, capacity 78954K, committed 79104K, reserved 1118208K
  class space    used 9399K, capacity 10211K, committed 10240K, reserved 1048576K

